
12-02 18:07:20-us.codecraft.webmagic.Spider.run()
[INFO]Spider s.weibo.com started!

12-02 18:07:20-us.codecraft.webmagic.downloader.HttpClientDownloader.download()
[INFO]downloading page success https://s.weibo.com/top/summary?Refer=top_hot&topnav=1&wvr=6

12-02 18:07:22-us.codecraft.webmagic.Spider.run()
[INFO]Spider s.weibo.com closed! 1 pages downloaded.

12-02 18:08:24-us.codecraft.webmagic.Spider.run()
[INFO]Spider s.weibo.com started!

12-02 18:08:24-us.codecraft.webmagic.downloader.HttpClientDownloader.download()
[INFO]downloading page success https://s.weibo.com/top/summary?Refer=top_hot&topnav=1&wvr=6

12-02 18:08:26-us.codecraft.webmagic.Spider.run()
[INFO]Spider s.weibo.com closed! 1 pages downloaded.

12-02 18:10:40-us.codecraft.webmagic.Spider.run()
[INFO]Spider s.weibo.com started!

12-02 18:10:41-us.codecraft.webmagic.downloader.HttpClientDownloader.download()
[INFO]downloading page success https://s.weibo.com/top/summary?Refer=top_hot&topnav=1&wvr=6

12-02 18:10:42-us.codecraft.webmagic.Spider.run()
[INFO]Spider s.weibo.com closed! 1 pages downloaded.

12-02 18:13:35-us.codecraft.webmagic.Spider.run()
[INFO]Spider s.weibo.com started!

12-02 18:13:36-us.codecraft.webmagic.downloader.HttpClientDownloader.download()
[INFO]downloading page success https://s.weibo.com/top/summary?Refer=top_hot&topnav=1&wvr=6

12-02 18:13:37-us.codecraft.webmagic.Spider.run()
[INFO]Spider s.weibo.com closed! 1 pages downloaded.
